link-kernel/build/intermediates/manifest_merge_blame_file/debug/manifest-merger-blame-debug-report.txt
1<?xml version="1.0" encoding="utf-8"?>
2<!--
3 量产版需补：android:sharedUserId="android.uid.system" + persistent + signature 权限。
4     最小骨架为可直接安装验证，暂不加（见 code-landmarks 冻结区说明）。
5-->
6<manifest xmlns:android="http://schemas.android.com/apk/res/android"
7    package="com.baic.cabinlink.kernel"
8    android:versionCode="1"
9    android:versionName="0.1.0" >
10
11    <uses-sdk
12        android:minSdkVersion="28"
13        android:targetSdkVersion="34" />
14
15    <application
15-->src/main/AndroidManifest.xml:5:5-13:19
16        android:allowBackup="false"
16-->src/main/AndroidManifest.xml:5:51-78
17        android:debuggable="true"
18        android:extractNativeLibs="false"
19        android:label="CabinLink Kernel" >
19-->src/main/AndroidManifest.xml:5:18-50
20        <service
20-->src/main/AndroidManifest.xml:6:9-12:19
21            android:name="com.baic.cabinlink.kernel.LinkKernelService"
21-->src/main/AndroidManifest.xml:7:13-46
22            android:exported="true" >
22-->src/main/AndroidManifest.xml:8:13-36
23            <intent-filter>
23-->src/main/AndroidManifest.xml:9:13-11:29
24                <action android:name="com.baic.cabinlink.BIND_KERNEL" />
24-->src/main/AndroidManifest.xml:10:17-73
24-->src/main/AndroidManifest.xml:10:25-70
25            </intent-filter>
26        </service>
27    </application>
28
29</manifest>